\BOOKMARK [1][-]{section.3}{\376\377\000A\000u\000f\000b\000a\000u\000\040\000d\000e\000r\000\040\000N\000E\0005\0005\0005\000\040\000T\000i\000m\000e\000r\000s\000c\000h\000a\000l\000t\000u\000n\000g}{}% 1
\BOOKMARK [2][-]{subsection.4}{\376\377\000S\000c\000h\000a\000l\000t\000u\000n\000g}{section.3}% 2
\BOOKMARK [2][-]{subsection.7}{\376\377\000M\000e\000s\000s\000v\000o\000r\000g\000a\000n\000g}{section.3}% 3
\BOOKMARK [2][-]{subsection.8}{\376\377\000M\000e\000s\000s\000e\000r\000g\000e\000b\000n\000i\000s}{section.3}% 4
\BOOKMARK [2][-]{subsection.13}{\376\377\000I\000n\000t\000e\000r\000p\000r\000e\000t\000a\000t\000i\000o\000n}{section.3}% 5
\BOOKMARK [1][-]{section.14}{\376\377\000A\000u\000f\000b\000a\000u\000\040\000d\000e\000r\000\040\000S\000i\000g\000n\000a\000l\000v\000e\000r\000z\000\366\000g\000e\000r\000u\000n\000g\000\040\000u\000n\000d\000\040\000M\000O\000S\000F\000E\000T\000-\000E\000n\000d\000s\000t\000u\000f\000e}{}% 6
\BOOKMARK [2][-]{subsection.15}{\376\377\000S\000c\000h\000a\000l\000t\000u\000n\000g}{section.14}% 7
\BOOKMARK [2][-]{subsection.18}{\376\377\000M\000e\000s\000s\000v\000o\000r\000g\000a\000n\000g}{section.14}% 8
\BOOKMARK [2][-]{subsection.19}{\376\377\000M\000e\000s\000s\000e\000r\000g\000e\000b\000n\000i\000s}{section.14}% 9
\BOOKMARK [2][-]{subsection.22}{\376\377\000I\000n\000t\000e\000r\000p\000r\000e\000t\000a\000t\000i\000o\000n}{section.14}% 10
\BOOKMARK [1][-]{section.23}{\376\377\000A\000u\000f\000b\000a\000u\000\040\000d\000e\000s\000\040\000\334\000b\000e\000r\000t\000r\000a\000g\000e\000r\000s}{}% 11
\BOOKMARK [2][-]{subsection.24}{\376\377\000S\000c\000h\000a\000l\000t\000u\000n\000g\000\040\000u\000n\000d\000\040\000B\000e\000r\000e\000c\000h\000n\000u\000n\000g}{section.23}% 12
\BOOKMARK [2][-]{subsection.25}{\376\377\000M\000e\000s\000s\000v\000o\000r\000g\000a\000n\000g}{section.23}% 13
\BOOKMARK [2][-]{subsection.26}{\376\377\000M\000e\000s\000s\000e\000r\000g\000e\000b\000n\000i\000s\000\040\000u\000n\000d\000\040\000I\000n\000t\000e\000r\000p\000r\000e\000t\000a\000t\000i\000o\000n}{section.23}% 14
\BOOKMARK [1][-]{section.27}{\376\377\000A\000u\000f\000b\000a\000u\000\040\000d\000e\000s\000\040\000R\000F\000I\000D\000-\000T\000a\000g\000s}{}% 15
\BOOKMARK [2][-]{subsection.28}{\376\377\000S\000c\000h\000a\000l\000t\000u\000n\000g}{section.27}% 16
\BOOKMARK [2][-]{subsection.31}{\376\377\000M\000e\000s\000s\000v\000o\000r\000g\000a\000n\000g}{section.27}% 17
\BOOKMARK [2][-]{subsection.32}{\376\377\000M\000e\000s\000s\000e\000r\000g\000e\000b\000n\000i\000s\000\040\000u\000n\000d\000\040\000I\000n\000t\000e\000r\000p\000r\000e\000t\000a\000t\000i\000o\000n}{section.27}% 18
\BOOKMARK [1][-]{section.35}{\376\377\000M\000o\000d\000u\000l\000a\000t\000i\000o\000n\000\040\000v\000o\000m\000\040\000T\000a\000g\000\040\000z\000u\000m\000\040\000L\000e\000s\000e\000g\000e\000r\000\344\000t}{}% 19
\BOOKMARK [2][-]{subsection.36}{\376\377\000S\000c\000h\000a\000l\000t\000u\000n\000g}{section.35}% 20
\BOOKMARK [2][-]{subsection.41}{\376\377\000M\000e\000s\000s\000v\000o\000r\000g\000a\000n\000g}{section.35}% 21
\BOOKMARK [2][-]{subsection.42}{\376\377\000M\000e\000s\000s\000e\000r\000g\000e\000b\000n\000i\000s}{section.35}% 22
\BOOKMARK [2][-]{subsection.49}{\376\377\000I\000n\000t\000e\000r\000p\000r\000e\000t\000a\000t\000i\000o\000n}{section.35}% 23
\BOOKMARK [1][-]{section.50}{\376\377\000A\000S\000K\000-\000M\000o\000d\000u\000l\000a\000t\000i\000o\000n\000\040\000v\000o\000m\000\040\000L\000e\000s\000e\000g\000e\000r\000\344\000t\000\040\000z\000u\000m\000\040\000T\000a\000g}{}% 24
\BOOKMARK [2][-]{subsection.51}{\376\377\000S\000c\000h\000a\000l\000t\000u\000n\000g}{section.50}% 25
\BOOKMARK [2][-]{subsection.56}{\376\377\000M\000e\000s\000s\000v\000o\000r\000g\000a\000n\000g}{section.50}% 26
\BOOKMARK [2][-]{subsection.57}{\376\377\000M\000e\000s\000s\000e\000r\000g\000e\000b\000n\000i\000s\000\040\000u\000n\000d\000\040\000I\000n\000t\000e\000r\000p\000r\000e\000t\000a\000t\000i\000o\000n}{section.50}% 27
\BOOKMARK [1][-]{section.66}{\376\377\000S\000c\000h\000a\000l\000t\000u\000n\000g\000s\000e\000r\000w\000e\000i\000t\000e\000r\000u\000n\000g\000\040\000m\000i\000t\000\040\000E\000S\000P\0003\0002}{}% 28
\BOOKMARK [2][-]{subsection.67}{\376\377\000E\000r\000w\000e\000i\000t\000e\000r\000u\000n\000g\000\040\000d\000e\000s\000\040\000L\000e\000s\000e\000g\000e\000r\000\344\000t\000s}{section.66}% 29
\BOOKMARK [2][-]{subsection.70}{\376\377\000E\000r\000w\000e\000i\000t\000e\000r\000u\000n\000g\000\040\000d\000e\000s\000\040\000T\000a\000g\000s}{section.66}% 30
\BOOKMARK [2][-]{subsection.73}{\376\377\000S\000i\000g\000n\000a\000l\000-\000\040\000u\000n\000d\000\040\000V\000e\000r\000s\000o\000r\000g\000u\000n\000g\000s\000s\000c\000h\000n\000i\000t\000t\000s\000t\000e\000l\000l\000e\000n}{section.66}% 31
\BOOKMARK [1][-]{section.74}{\376\377\000E\000S\000P\0003\0002\000-\000K\000o\000m\000m\000u\000n\000i\000k\000a\000t\000i\000o\000n\000\040\000u\000n\000d\000\040\000e\000x\000p\000e\000r\000i\000m\000e\000n\000t\000e\000l\000l\000e\000r\000\040\000A\000u\000f\000b\000a\000u}{}% 32
\BOOKMARK [2][-]{subsection.75}{\376\377\000A\000u\000f\000g\000a\000b\000e\000\040\000d\000e\000r\000\040\000b\000e\000i\000d\000e\000n\000\040\000E\000S\000P\0003\0002}{section.74}% 33
\BOOKMARK [2][-]{subsection.76}{\376\377\000G\000e\000p\000l\000a\000n\000t\000e\000\040\000U\000A\000R\000T\000-\000K\000o\000m\000m\000u\000n\000i\000k\000a\000t\000i\000o\000n}{section.74}% 34
\BOOKMARK [2][-]{subsection.77}{\376\377\000V\000o\000r\000v\000e\000r\000s\000u\000c\000h\000\040\000o\000h\000n\000e\000\040\000v\000o\000l\000l\000s\000t\000\344\000n\000d\000i\000g\000e\000\040\000R\000F\000I\000D\000-\000S\000c\000h\000a\000l\000t\000u\000n\000g}{section.74}% 35
\BOOKMARK [2][-]{subsection.80}{\376\377\000G\000e\000p\000l\000a\000n\000t\000e\000r\000\040\000A\000b\000l\000a\000u\000f}{section.74}% 36
\BOOKMARK [2][-]{subsection.81}{\376\377\000G\000e\000p\000l\000a\000n\000t\000e\000\040\000P\000r\000o\000t\000o\000k\000o\000l\000l\000e\000r\000w\000e\000i\000t\000e\000r\000u\000n\000g\000e\000n}{section.74}% 37
\BOOKMARK [3][-]{subsubsection.82}{\376\377\000I\000d\000e\000n\000t\000i\000f\000i\000k\000a\000t\000i\000o\000n\000s\000p\000r\000\374\000f\000u\000n\000g\000\040\000m\000i\000t\000\040\000T\000i\000m\000e\000o\000u\000t}{subsection.81}% 38
\BOOKMARK [3][-]{subsubsection.83}{\376\377\000L\000E\000D\000-\000T\000o\000g\000g\000l\000e\000-\000B\000e\000f\000e\000h\000l}{subsection.81}% 39
\BOOKMARK [3][-]{subsubsection.84}{\376\377\000M\000a\000n\000c\000h\000e\000s\000t\000e\000r\000-\000K\000o\000d\000i\000e\000r\000u\000n\000g}{subsection.81}% 40
\BOOKMARK [2][-]{subsection.85}{\376\377\000H\000i\000n\000w\000e\000i\000s\000e\000\040\000z\000u\000r\000\040\000S\000o\000f\000t\000w\000a\000r\000e}{section.74}% 41
\BOOKMARK [2][-]{subsection.86}{\376\377\000P\000r\000o\000g\000r\000a\000m\000m\000a\000b\000l\000a\000u\000f\000\040\000a\000l\000s\000\040\000F\000l\000u\000s\000s\000d\000i\000a\000g\000r\000a\000m\000m}{section.74}% 42
\BOOKMARK [1][-]{section.91}{\376\377\000M\000e\000s\000s\000u\000n\000g\000e\000n\000\040\000z\000u\000r\000\040\000E\000S\000P\0003\0002\000-\000E\000r\000w\000e\000i\000t\000e\000r\000u\000n\000g}{}% 43
\BOOKMARK [2][-]{subsection.92}{\376\377\000M\000e\000s\000s\000u\000n\000g\000\040\000d\000e\000r\000\040\000U\000A\000R\000T\000-\000S\000i\000g\000n\000a\000l\000e}{section.91}% 44
\BOOKMARK [2][-]{subsection.95}{\376\377\000M\000e\000s\000s\000u\000n\000g\000\040\000d\000e\000r\000\040\000A\000S\000K\000-\000A\000n\000s\000t\000e\000u\000e\000r\000u\000n\000g}{section.91}% 45
\BOOKMARK [2][-]{subsection.98}{\376\377\000M\000e\000s\000s\000u\000n\000g\000\040\000d\000e\000r\000\040\000T\000a\000g\000-\000A\000n\000t\000w\000o\000r\000t}{section.91}% 46
\BOOKMARK [2][-]{subsection.101}{\376\377\000M\000e\000s\000s\000u\000n\000g\000\040\000d\000e\000r\000\040\000L\000E\000D\000-\000A\000u\000s\000g\000\344\000n\000g\000e}{section.91}% 47
\BOOKMARK [2][-]{subsection.104}{\376\377\000M\000e\000s\000s\000u\000n\000g\000\040\000d\000e\000r\000\040\000P\000r\000o\000t\000o\000k\000o\000l\000l\000e\000r\000w\000e\000i\000t\000e\000r\000u\000n\000g\000e\000n}{section.91}% 48
\BOOKMARK [2][-]{subsection.107}{\376\377\000A\000u\000s\000w\000e\000r\000t\000u\000n\000g\000\040\000d\000e\000r\000\040\000M\000e\000s\000s\000u\000n\000g\000e\000n}{section.91}% 49
